2015/02/26 15:17:14 [error] [php] date(): It is not safe to rely on the system's timezone settings. You are *required* to use the date.timezone setting or the date_default_timezone_set() function. In case you used any of those methods and you are still getting this warning, you most likely misspelled the timezone identifier. We selected 'UTC' for 'GMT/0.0/no DST' instead (/Applications/XAMPP/xamppfiles/htdocs/trackstar/protected/views/layouts/main.php:51)
Stack trace:
#0 /Applications/XAMPP/xamppfiles/htdocs/framework/web/CBaseController.php(95): SiteController->renderInternal()
#1 /Applications/XAMPP/xamppfiles/htdocs/framework/web/widgets/CContentDecorator.php(76): SiteController->renderFile()
#2 /Applications/XAMPP/xamppfiles/htdocs/framework/web/widgets/CContentDecorator.php(54): CContentDecorator->decorate()
#3 /Applications/XAMPP/xamppfiles/htdocs/framework/web/widgets/COutputProcessor.php(44): CContentDecorator->processOutput()
#4 /Applications/XAMPP/xamppfiles/htdocs/framework/web/CBaseController.php(214): CContentDecorator->run()
#5 /Applications/XAMPP/xamppfiles/htdocs/framework/web/CBaseController.php(308): SiteController->endWidget()
#6 /Applications/XAMPP/xamppfiles/htdocs/trackstar/protected/views/layouts/column1.php(6): SiteController->endContent()
#7 /Applications/XAMPP/xamppfiles/htdocs/framework/web/CBaseController.php(126): require()
#8 /Applications/XAMPP/xamppfiles/htdocs/framework/web/CBaseController.php(95): SiteController->renderInternal()
#9 /Applications/XAMPP/xamppfiles/htdocs/framework/web/CController.php(784): SiteController->renderFile()
#10 /Applications/XAMPP/xamppfiles/htdocs/trackstar/protected/controllers/SiteController.php(32): SiteController->render()
#11 /Applications/XAMPP/xamppfiles/htdocs/framework/web/actions/CInlineAction.php(49): SiteController->actionIndex()
#12 /Applications/XAMPP/xamppfiles/htdocs/framework/web/CController.php(308): CInlineAction->runWithParams()
#13 /Applications/XAMPP/xamppfiles/htdocs/framework/web/CController.php(286): SiteController->runAction()
#14 /Applications/XAMPP/xamppfiles/htdocs/framework/web/CController.php(265): SiteController->runActionWithFilters()
#15 /Applications/XAMPP/xamppfiles/htdocs/framework/web/CWebApplication.php(282): SiteController->run()
#16 /Applications/XAMPP/xamppfiles/htdocs/framework/web/CWebApplication.php(141): CWebApplication->runController()
#17 /Applications/XAMPP/xamppfiles/htdocs/framework/base/CApplication.php(184): CWebApplication->processRequest()
#18 /Applications/XAMPP/xamppfiles/htdocs/trackstar/index.php(13): CWebApplication->run()
#19 /Applications/XAMPP/xamppfiles/htdocs/framework/cli/commands/ShellCommand.php(78): require()
#20 /Applications/XAMPP/xamppfiles/htdocs/framework/console/CConsoleCommandRunner.php(71): ShellCommand->run()
#21 /Applications/XAMPP/xamppfiles/htdocs/framework/console/CConsoleApplication.php(92): CConsoleCommandRunner->run()
#22 /Applications/XAMPP/xamppfiles/htdocs/framework/base/CApplication.php(184): CConsoleApplication->processRequest()
#23 /Applications/XAMPP/xamppfiles/htdocs/framework/yiic.php(33): CConsoleApplication->run()
#24 /Applications/XAMPP/xamppfiles/htdocs/framework/yiic(14): require_once()
REQUEST_URI=/index.php
2015/02/26 15:20:44 [error] [php] date(): It is not safe to rely on the system's timezone settings. You are *required* to use the date.timezone setting or the date_default_timezone_set() function. In case you used any of those methods and you are still getting this warning, you most likely misspelled the timezone identifier. We selected 'UTC' for 'GMT/0.0/no DST' instead (/Applications/XAMPP/xamppfiles/htdocs/trackstar/protected/views/layouts/main.php:51)
Stack trace:
#0 /Applications/XAMPP/xamppfiles/htdocs/framework/web/CBaseController.php(95): SiteController->renderInternal()
#1 /Applications/XAMPP/xamppfiles/htdocs/framework/web/widgets/CContentDecorator.php(76): SiteController->renderFile()
#2 /Applications/XAMPP/xamppfiles/htdocs/framework/web/widgets/CContentDecorator.php(54): CContentDecorator->decorate()
#3 /Applications/XAMPP/xamppfiles/htdocs/framework/web/widgets/COutputProcessor.php(44): CContentDecorator->processOutput()
#4 /Applications/XAMPP/xamppfiles/htdocs/framework/web/CBaseController.php(214): CContentDecorator->run()
#5 /Applications/XAMPP/xamppfiles/htdocs/framework/web/CBaseController.php(308): SiteController->endWidget()
#6 /Applications/XAMPP/xamppfiles/htdocs/trackstar/protected/views/layouts/column1.php(6): SiteController->endContent()
#7 /Applications/XAMPP/xamppfiles/htdocs/framework/web/CBaseController.php(126): require()
#8 /Applications/XAMPP/xamppfiles/htdocs/framework/web/CBaseController.php(95): SiteController->renderInternal()
#9 /Applications/XAMPP/xamppfiles/htdocs/framework/web/CController.php(784): SiteController->renderFile()
#10 /Applications/XAMPP/xamppfiles/htdocs/trackstar/protected/controllers/SiteController.php(32): SiteController->render()
#11 /Applications/XAMPP/xamppfiles/htdocs/framework/web/actions/CInlineAction.php(49): SiteController->actionIndex()
#12 /Applications/XAMPP/xamppfiles/htdocs/framework/web/CController.php(308): CInlineAction->runWithParams()
#13 /Applications/XAMPP/xamppfiles/htdocs/framework/web/CController.php(286): SiteController->runAction()
#14 /Applications/XAMPP/xamppfiles/htdocs/framework/web/CController.php(265): SiteController->runActionWithFilters()
#15 /Applications/XAMPP/xamppfiles/htdocs/framework/web/CWebApplication.php(282): SiteController->run()
#16 /Applications/XAMPP/xamppfiles/htdocs/framework/web/CWebApplication.php(141): CWebApplication->runController()
#17 /Applications/XAMPP/xamppfiles/htdocs/framework/base/CApplication.php(184): CWebApplication->processRequest()
#18 /Applications/XAMPP/xamppfiles/htdocs/trackstar/index.php(13): CWebApplication->run()
#19 /Applications/XAMPP/xamppfiles/htdocs/framework/cli/commands/ShellCommand.php(78): require()
#20 /Applications/XAMPP/xamppfiles/htdocs/framework/console/CConsoleCommandRunner.php(71): ShellCommand->run()
#21 /Applications/XAMPP/xamppfiles/htdocs/framework/console/CConsoleApplication.php(92): CConsoleCommandRunner->run()
#22 /Applications/XAMPP/xamppfiles/htdocs/framework/base/CApplication.php(184): CConsoleApplication->processRequest()
#23 /Applications/XAMPP/xamppfiles/htdocs/framework/yiic.php(33): CConsoleApplication->run()
#24 /Applications/XAMPP/xamppfiles/htdocs/framework/yiic(14): require_once()
REQUEST_URI=/index.php
2015/02/26 15:23:35 [error] [php] date(): It is not safe to rely on the system's timezone settings. You are *required* to use the date.timezone setting or the date_default_timezone_set() function. In case you used any of those methods and you are still getting this warning, you most likely misspelled the timezone identifier. We selected 'UTC' for 'GMT/0.0/no DST' instead (/Applications/XAMPP/xamppfiles/htdocs/trackstar/protected/views/layouts/main.php:51)
Stack trace:
#0 /Applications/XAMPP/xamppfiles/htdocs/framework/web/CBaseController.php(95): SiteController->renderInternal()
#1 /Applications/XAMPP/xamppfiles/htdocs/framework/web/widgets/CContentDecorator.php(76): SiteController->renderFile()
#2 /Applications/XAMPP/xamppfiles/htdocs/framework/web/widgets/CContentDecorator.php(54): CContentDecorator->decorate()
#3 /Applications/XAMPP/xamppfiles/htdocs/framework/web/widgets/COutputProcessor.php(44): CContentDecorator->processOutput()
#4 /Applications/XAMPP/xamppfiles/htdocs/framework/web/CBaseController.php(214): CContentDecorator->run()
#5 /Applications/XAMPP/xamppfiles/htdocs/framework/web/CBaseController.php(308): SiteController->endWidget()
#6 /Applications/XAMPP/xamppfiles/htdocs/trackstar/protected/views/layouts/column1.php(6): SiteController->endContent()
#7 /Applications/XAMPP/xamppfiles/htdocs/framework/web/CBaseController.php(126): require()
#8 /Applications/XAMPP/xamppfiles/htdocs/framework/web/CBaseController.php(95): SiteController->renderInternal()
#9 /Applications/XAMPP/xamppfiles/htdocs/framework/web/CController.php(784): SiteController->renderFile()
#10 /Applications/XAMPP/xamppfiles/htdocs/trackstar/protected/controllers/SiteController.php(32): SiteController->render()
#11 /Applications/XAMPP/xamppfiles/htdocs/framework/web/actions/CInlineAction.php(49): SiteController->actionIndex()
#12 /Applications/XAMPP/xamppfiles/htdocs/framework/web/CController.php(308): CInlineAction->runWithParams()
#13 /Applications/XAMPP/xamppfiles/htdocs/framework/web/CController.php(286): SiteController->runAction()
#14 /Applications/XAMPP/xamppfiles/htdocs/framework/web/CController.php(265): SiteController->runActionWithFilters()
#15 /Applications/XAMPP/xamppfiles/htdocs/framework/web/CWebApplication.php(282): SiteController->run()
#16 /Applications/XAMPP/xamppfiles/htdocs/framework/web/CWebApplication.php(141): CWebApplication->runController()
#17 /Applications/XAMPP/xamppfiles/htdocs/framework/base/CApplication.php(184): CWebApplication->processRequest()
#18 /Applications/XAMPP/xamppfiles/htdocs/trackstar/index.php(13): CWebApplication->run()
#19 /Applications/XAMPP/xamppfiles/htdocs/framework/cli/commands/ShellCommand.php(78): require()
#20 /Applications/XAMPP/xamppfiles/htdocs/framework/console/CConsoleCommandRunner.php(71): ShellCommand->run()
#21 /Applications/XAMPP/xamppfiles/htdocs/framework/console/CConsoleApplication.php(92): CConsoleCommandRunner->run()
#22 /Applications/XAMPP/xamppfiles/htdocs/framework/base/CApplication.php(184): CConsoleApplication->processRequest()
#23 /Applications/XAMPP/xamppfiles/htdocs/framework/yiic.php(33): CConsoleApplication->run()
#24 /Applications/XAMPP/xamppfiles/htdocs/trackstar/protected/yiic.php(7): require_once()
#25 /Applications/XAMPP/xamppfiles/htdocs/trackstar/protected/yiic(4): require_once()
REQUEST_URI=/index.php
2015/02/26 15:23:35 [error] [php] date(): It is not safe to rely on the system's timezone settings. You are *required* to use the date.timezone setting or the date_default_timezone_set() function. In case you used any of those methods and you are still getting this warning, you most likely misspelled the timezone identifier. We selected 'UTC' for 'GMT/0.0/no DST' instead (/Applications/XAMPP/xamppfiles/htdocs/trackstar/protected/views/layouts/main.php:51)
Stack trace:
#0 /Applications/XAMPP/xamppfiles/htdocs/framework/web/CBaseController.php(95): SiteController->renderInternal()
#1 /Applications/XAMPP/xamppfiles/htdocs/framework/web/widgets/CContentDecorator.php(76): SiteController->renderFile()
#2 /Applications/XAMPP/xamppfiles/htdocs/framework/web/widgets/CContentDecorator.php(54): CContentDecorator->decorate()
#3 /Applications/XAMPP/xamppfiles/htdocs/framework/web/widgets/COutputProcessor.php(44): CContentDecorator->processOutput()
#4 /Applications/XAMPP/xamppfiles/htdocs/framework/web/CBaseController.php(214): CContentDecorator->run()
#5 /Applications/XAMPP/xamppfiles/htdocs/framework/web/CBaseController.php(308): SiteController->endWidget()
#6 /Applications/XAMPP/xamppfiles/htdocs/trackstar/protected/views/layouts/column1.php(6): SiteController->endContent()
#7 /Applications/XAMPP/xamppfiles/htdocs/framework/web/CBaseController.php(126): require()
#8 /Applications/XAMPP/xamppfiles/htdocs/framework/web/CBaseController.php(95): SiteController->renderInternal()
#9 /Applications/XAMPP/xamppfiles/htdocs/framework/web/CController.php(784): SiteController->renderFile()
#10 /Applications/XAMPP/xamppfiles/htdocs/trackstar/protected/controllers/SiteController.php(32): SiteController->render()
#11 /Applications/XAMPP/xamppfiles/htdocs/framework/web/actions/CInlineAction.php(49): SiteController->actionIndex()
#12 /Applications/XAMPP/xamppfiles/htdocs/framework/web/CController.php(308): CInlineAction->runWithParams()
#13 /Applications/XAMPP/xamppfiles/htdocs/framework/web/CController.php(286): SiteController->runAction()
#14 /Applications/XAMPP/xamppfiles/htdocs/framework/web/CController.php(265): SiteController->runActionWithFilters()
#15 /Applications/XAMPP/xamppfiles/htdocs/framework/web/CWebApplication.php(282): SiteController->run()
#16 /Applications/XAMPP/xamppfiles/htdocs/framework/web/CWebApplication.php(141): CWebApplication->runController()
#17 /Applications/XAMPP/xamppfiles/htdocs/framework/base/CApplication.php(184): CWebApplication->processRequest()
#18 /Applications/XAMPP/xamppfiles/htdocs/trackstar/index.php(13): CWebApplication->run()
#19 /Applications/XAMPP/xamppfiles/htdocs/framework/cli/commands/ShellCommand.php(78): require()
#20 /Applications/XAMPP/xamppfiles/htdocs/framework/console/CConsoleCommandRunner.php(71): ShellCommand->run()
#21 /Applications/XAMPP/xamppfiles/htdocs/framework/console/CConsoleApplication.php(92): CConsoleCommandRunner->run()
#22 /Applications/XAMPP/xamppfiles/htdocs/framework/base/CApplication.php(184): CConsoleApplication->processRequest()
#23 /Applications/XAMPP/xamppfiles/htdocs/framework/yiic.php(33): CConsoleApplication->run()
#24 /Applications/XAMPP/xamppfiles/htdocs/trackstar/protected/yiic.php(7): require_once()
#25 /Applications/XAMPP/xamppfiles/htdocs/trackstar/protected/yiic(4): require_once()
REQUEST_URI=/index.php
2015/02/26 15:25:03 [error] [php] date(): It is not safe to rely on the system's timezone settings. You are *required* to use the date.timezone setting or the date_default_timezone_set() function. In case you used any of those methods and you are still getting this warning, you most likely misspelled the timezone identifier. We selected 'UTC' for 'GMT/0.0/no DST' instead (/Applications/XAMPP/xamppfiles/htdocs/trackstar/protected/views/layouts/main.php:51)
Stack trace:
#0 /Applications/XAMPP/xamppfiles/htdocs/framework/web/CBaseController.php(95): SiteController->renderInternal()
#1 /Applications/XAMPP/xamppfiles/htdocs/framework/web/widgets/CContentDecorator.php(76): SiteController->renderFile()
#2 /Applications/XAMPP/xamppfiles/htdocs/framework/web/widgets/CContentDecorator.php(54): CContentDecorator->decorate()
#3 /Applications/XAMPP/xamppfiles/htdocs/framework/web/widgets/COutputProcessor.php(44): CContentDecorator->processOutput()
#4 /Applications/XAMPP/xamppfiles/htdocs/framework/web/CBaseController.php(214): CContentDecorator->run()
#5 /Applications/XAMPP/xamppfiles/htdocs/framework/web/CBaseController.php(308): SiteController->endWidget()
#6 /Applications/XAMPP/xamppfiles/htdocs/trackstar/protected/views/layouts/column1.php(6): SiteController->endContent()
#7 /Applications/XAMPP/xamppfiles/htdocs/framework/web/CBaseController.php(126): require()
#8 /Applications/XAMPP/xamppfiles/htdocs/framework/web/CBaseController.php(95): SiteController->renderInternal()
#9 /Applications/XAMPP/xamppfiles/htdocs/framework/web/CController.php(784): SiteController->renderFile()
#10 /Applications/XAMPP/xamppfiles/htdocs/trackstar/protected/controllers/SiteController.php(32): SiteController->render()
#11 /Applications/XAMPP/xamppfiles/htdocs/framework/web/actions/CInlineAction.php(49): SiteController->actionIndex()
#12 /Applications/XAMPP/xamppfiles/htdocs/framework/web/CController.php(308): CInlineAction->runWithParams()
#13 /Applications/XAMPP/xamppfiles/htdocs/framework/web/CController.php(286): SiteController->runAction()
#14 /Applications/XAMPP/xamppfiles/htdocs/framework/web/CController.php(265): SiteController->runActionWithFilters()
#15 /Applications/XAMPP/xamppfiles/htdocs/framework/web/CWebApplication.php(282): SiteController->run()
#16 /Applications/XAMPP/xamppfiles/htdocs/framework/web/CWebApplication.php(141): CWebApplication->runController()
#17 /Applications/XAMPP/xamppfiles/htdocs/framework/base/CApplication.php(184): CWebApplication->processRequest()
#18 /Applications/XAMPP/xamppfiles/htdocs/trackstar/index.php(13): CWebApplication->run()
#19 /Applications/XAMPP/xamppfiles/htdocs/framework/cli/commands/ShellCommand.php(78): require()
#20 /Applications/XAMPP/xamppfiles/htdocs/framework/console/CConsoleCommandRunner.php(71): ShellCommand->run()
#21 /Applications/XAMPP/xamppfiles/htdocs/framework/console/CConsoleApplication.php(92): CConsoleCommandRunner->run()
#22 /Applications/XAMPP/xamppfiles/htdocs/framework/base/CApplication.php(184): CConsoleApplication->processRequest()
#23 /Applications/XAMPP/xamppfiles/htdocs/framework/yiic.php(33): CConsoleApplication->run()
#24 /Applications/XAMPP/xamppfiles/htdocs/trackstar/protected/yiic.php(7): require_once()
#25 /Applications/XAMPP/xamppfiles/htdocs/trackstar/protected/yiic(4): require_once()
REQUEST_URI=/index.php
2015/02/26 15:25:03 [error] [php] date(): It is not safe to rely on the system's timezone settings. You are *required* to use the date.timezone setting or the date_default_timezone_set() function. In case you used any of those methods and you are still getting this warning, you most likely misspelled the timezone identifier. We selected 'UTC' for 'GMT/0.0/no DST' instead (/Applications/XAMPP/xamppfiles/htdocs/trackstar/protected/views/layouts/main.php:51)
Stack trace:
#0 /Applications/XAMPP/xamppfiles/htdocs/framework/web/CBaseController.php(95): SiteController->renderInternal()
#1 /Applications/XAMPP/xamppfiles/htdocs/framework/web/widgets/CContentDecorator.php(76): SiteController->renderFile()
#2 /Applications/XAMPP/xamppfiles/htdocs/framework/web/widgets/CContentDecorator.php(54): CContentDecorator->decorate()
#3 /Applications/XAMPP/xamppfiles/htdocs/framework/web/widgets/COutputProcessor.php(44): CContentDecorator->processOutput()
#4 /Applications/XAMPP/xamppfiles/htdocs/framework/web/CBaseController.php(214): CContentDecorator->run()
#5 /Applications/XAMPP/xamppfiles/htdocs/framework/web/CBaseController.php(308): SiteController->endWidget()
#6 /Applications/XAMPP/xamppfiles/htdocs/trackstar/protected/views/layouts/column1.php(6): SiteController->endContent()
#7 /Applications/XAMPP/xamppfiles/htdocs/framework/web/CBaseController.php(126): require()
#8 /Applications/XAMPP/xamppfiles/htdocs/framework/web/CBaseController.php(95): SiteController->renderInternal()
#9 /Applications/XAMPP/xamppfiles/htdocs/framework/web/CController.php(784): SiteController->renderFile()
#10 /Applications/XAMPP/xamppfiles/htdocs/trackstar/protected/controllers/SiteController.php(32): SiteController->render()
#11 /Applications/XAMPP/xamppfiles/htdocs/framework/web/actions/CInlineAction.php(49): SiteController->actionIndex()
#12 /Applications/XAMPP/xamppfiles/htdocs/framework/web/CController.php(308): CInlineAction->runWithParams()
#13 /Applications/XAMPP/xamppfiles/htdocs/framework/web/CController.php(286): SiteController->runAction()
#14 /Applications/XAMPP/xamppfiles/htdocs/framework/web/CController.php(265): SiteController->runActionWithFilters()
#15 /Applications/XAMPP/xamppfiles/htdocs/framework/web/CWebApplication.php(282): SiteController->run()
#16 /Applications/XAMPP/xamppfiles/htdocs/framework/web/CWebApplication.php(141): CWebApplication->runController()
#17 /Applications/XAMPP/xamppfiles/htdocs/framework/base/CApplication.php(184): CWebApplication->processRequest()
#18 /Applications/XAMPP/xamppfiles/htdocs/trackstar/index.php(13): CWebApplication->run()
#19 /Applications/XAMPP/xamppfiles/htdocs/framework/cli/commands/ShellCommand.php(78): require()
#20 /Applications/XAMPP/xamppfiles/htdocs/framework/console/CConsoleCommandRunner.php(71): ShellCommand->run()
#21 /Applications/XAMPP/xamppfiles/htdocs/framework/console/CConsoleApplication.php(92): CConsoleCommandRunner->run()
#22 /Applications/XAMPP/xamppfiles/htdocs/framework/base/CApplication.php(184): CConsoleApplication->processRequest()
#23 /Applications/XAMPP/xamppfiles/htdocs/framework/yiic.php(33): CConsoleApplication->run()
#24 /Applications/XAMPP/xamppfiles/htdocs/trackstar/protected/yiic.php(7): require_once()
#25 /Applications/XAMPP/xamppfiles/htdocs/trackstar/protected/yiic(4): require_once()
REQUEST_URI=/index.php
2015/02/27 14:35:04 [error] [system.db.CDbCommand] CDbCommand::fetchAll() failed: SQLSTATE[42S02]: Base table or view not found: 1146 Table 'trackstar.tbl_migration' doesn't exist. The SQL statement executed was: SHOW FULL COLUMNS FROM `tbl_migration`.
